Traceback (most recent call last):
  File "/Users/Emman/opt/anaconda3/envs/env-jupyterbook/lib/python3.7/site-packages/jupyter_cache/executors/utils.py", line 56, in single_nb_execution
    record_timing=False,
  File "/Users/Emman/opt/anaconda3/envs/env-jupyterbook/lib/python3.7/site-packages/nbclient/client.py", line 1112, in execute
    return NotebookClient(nb=nb, resources=resources, km=km, **kwargs).execute()
  File "/Users/Emman/opt/anaconda3/envs/env-jupyterbook/lib/python3.7/site-packages/nbclient/util.py", line 74, in wrapped
    return just_run(coro(*args, **kwargs))
  File "/Users/Emman/opt/anaconda3/envs/env-jupyterbook/lib/python3.7/site-packages/nbclient/util.py", line 53, in just_run
    return loop.run_until_complete(coro)
  File "/Users/Emman/opt/anaconda3/envs/env-jupyterbook/lib/python3.7/asyncio/base_events.py", line 587, in run_until_complete
    return future.result()
  File "/Users/Emman/opt/anaconda3/envs/env-jupyterbook/lib/python3.7/site-packages/nbclient/client.py", line 554, in async_execute
    cell, index, execution_count=self.code_cells_executed + 1
  File "/Users/Emman/opt/anaconda3/envs/env-jupyterbook/lib/python3.7/site-packages/nbclient/client.py", line 857, in async_execute_cell
    self._check_raise_for_error(cell, exec_reply)
  File "/Users/Emman/opt/anaconda3/envs/env-jupyterbook/lib/python3.7/site-packages/nbclient/client.py", line 760, in _check_raise_for_error
    raise CellExecutionError.from_cell_and_msg(cell, exec_reply_content)
nbclient.exceptions.CellExecutionError: An error occurred while executing the following cell:
------------------
fig, ax = plt.subplots(figsize=(25,15))
plt.stackplot(df_min_hr.index, df_min_hr.MKT_REQT, df_vis_hr.MKT_REQT, df_luz_hr.MKT_REQT, labels=['Mindanao','Visayas','Luzon'])
plt.legend(loc='upper left')
fig.suptitle(f'Electricity Demand from {start} to {end}', size=20)
------------------

[0;31m---------------------------------------------------------------------------[0m
[0;31mNameError[0m                                 Traceback (most recent call last)
[0;32m<ipython-input-16-03f8db93d61d>[0m in [0;36m<module>[0;34m[0m
[0;32m----> 1[0;31m [0mfig[0m[0;34m,[0m [0max[0m [0;34m=[0m [0mplt[0m[0;34m.[0m[0msubplots[0m[0;34m([0m[0mfigsize[0m[0;34m=[0m[0;34m([0m[0;36m25[0m[0;34m,[0m[0;36m15[0m[0;34m)[0m[0;34m)[0m[0;34m[0m[0;34m[0m[0m
[0m[1;32m      2[0m [0mplt[0m[0;34m.[0m[0mstackplot[0m[0;34m([0m[0mdf_min_hr[0m[0;34m.[0m[0mindex[0m[0;34m,[0m [0mdf_min_hr[0m[0;34m.[0m[0mMKT_REQT[0m[0;34m,[0m [0mdf_vis_hr[0m[0;34m.[0m[0mMKT_REQT[0m[0;34m,[0m [0mdf_luz_hr[0m[0;34m.[0m[0mMKT_REQT[0m[0;34m,[0m [0mlabels[0m[0;34m=[0m[0;34m[[0m[0;34m'Mindanao'[0m[0;34m,[0m[0;34m'Visayas'[0m[0;34m,[0m[0;34m'Luzon'[0m[0;34m][0m[0;34m)[0m[0;34m[0m[0;34m[0m[0m
[1;32m      3[0m [0mplt[0m[0;34m.[0m[0mlegend[0m[0;34m([0m[0mloc[0m[0;34m=[0m[0;34m'upper left'[0m[0;34m)[0m[0;34m[0m[0;34m[0m[0m
[1;32m      4[0m [0mfig[0m[0;34m.[0m[0msuptitle[0m[0;34m([0m[0;34mf'Electricity Demand from {start} to {end}'[0m[0;34m,[0m [0msize[0m[0;34m=[0m[0;36m20[0m[0;34m)[0m[0;34m[0m[0;34m[0m[0m

[0;31mNameError[0m: name 'plt' is not defined
NameError: name 'plt' is not defined

