Traceback (most recent call last):
  File "/Users/Emman/opt/anaconda3/envs/env-jupyterbook/lib/python3.7/site-packages/jupyter_cache/executors/utils.py", line 56, in single_nb_execution
    record_timing=False,
  File "/Users/Emman/opt/anaconda3/envs/env-jupyterbook/lib/python3.7/site-packages/nbclient/client.py", line 1112, in execute
    return NotebookClient(nb=nb, resources=resources, km=km, **kwargs).execute()
  File "/Users/Emman/opt/anaconda3/envs/env-jupyterbook/lib/python3.7/site-packages/nbclient/util.py", line 74, in wrapped
    return just_run(coro(*args, **kwargs))
  File "/Users/Emman/opt/anaconda3/envs/env-jupyterbook/lib/python3.7/site-packages/nbclient/util.py", line 53, in just_run
    return loop.run_until_complete(coro)
  File "/Users/Emman/opt/anaconda3/envs/env-jupyterbook/lib/python3.7/asyncio/base_events.py", line 587, in run_until_complete
    return future.result()
  File "/Users/Emman/opt/anaconda3/envs/env-jupyterbook/lib/python3.7/site-packages/nbclient/client.py", line 554, in async_execute
    cell, index, execution_count=self.code_cells_executed + 1
  File "/Users/Emman/opt/anaconda3/envs/env-jupyterbook/lib/python3.7/site-packages/nbclient/client.py", line 857, in async_execute_cell
    self._check_raise_for_error(cell, exec_reply)
  File "/Users/Emman/opt/anaconda3/envs/env-jupyterbook/lib/python3.7/site-packages/nbclient/client.py", line 760, in _check_raise_for_error
    raise CellExecutionError.from_cell_and_msg(cell, exec_reply_content)
nbclient.exceptions.CellExecutionError: An error occurred while executing the following cell:
------------------
accuracy(fit)

------------------

Error in accuracy.default(fit): First argument should be a forecast object or a time series.
Traceback:

1. accuracy(fit)
2. accuracy.default(fit)
3. stop("First argument should be a forecast object or a time series.")
ERROR: Error in accuracy.default(fit): First argument should be a forecast object or a time series.


